   1               		.file	"timer.c"
   2               	__SREG__ = 0x3f
   3               	__SP_H__ = 0x3e
   4               	__SP_L__ = 0x3d
   5               	__CCP__  = 0x34
   6               	__tmp_reg__ = 0
   7               	__zero_reg__ = 1
  15               	.Ltext0:
  16               	.global	__vector_15
  18               	__vector_15:
  19               	.LFB8:
  20               	.LM1:
  21 0000 1F92      		push __zero_reg__
  22 0002 0F92      		push r0
  23 0004 0FB6      		in r0,__SREG__
  24 0006 0F92      		push r0
  25 0008 1124      		clr __zero_reg__
  26 000a 2F93      		push r18
  27 000c 8F93      		push r24
  28 000e 9F93      		push r25
  29               	/* prologue: Signal */
  30               	/* frame size = 0 */
  31               	.LM2:
  32 0010 8091 0000 		lds r24,TIMER_wait_time_ms
  33 0014 9091 0000 		lds r25,(TIMER_wait_time_ms)+1
  34 0018 892B      		or r24,r25
  35 001a 01F0      		breq .L2
  36               	.LM3:
  37 001c 8091 0000 		lds r24,TIMER_wait_time_ms
  38 0020 9091 0000 		lds r25,(TIMER_wait_time_ms)+1
  39 0024 0197      		sbiw r24,1
  40 0026 9093 0000 		sts (TIMER_wait_time_ms)+1,r25
  41 002a 8093 0000 		sts TIMER_wait_time_ms,r24
  42               	.L2:
  43               	.LM4:
  44 002e 8091 0000 		lds r24,count.1698
  45 0032 9091 0000 		lds r25,(count.1698)+1
  46 0036 0196      		adiw r24,1
  47 0038 9093 0000 		sts (count.1698)+1,r25
  48 003c 8093 0000 		sts count.1698,r24
  49 0040 0197      		sbiw r24,1
  50 0042 845F      		subi r24,lo8(500)
  51 0044 9140      		sbci r25,hi8(500)
  52 0046 00F0      		brlo .L4
  53               	.LM5:
  54 0048 82B3      		in r24,50-32
  55 004a 8058      		subi r24,lo8(-(-128))
  56 004c 82BB      		out 50-32,r24
  57               	.LM6:
  58 004e 1092 0000 		sts (count.1698)+1,__zero_reg__
  59 0052 1092 0000 		sts count.1698,__zero_reg__
  60               	.L4:
  61               	/* epilogue start */
  62               	.LM7:
  63 0056 9F91      		pop r25
  64 0058 8F91      		pop r24
  65 005a 2F91      		pop r18
  66 005c 0F90      		pop r0
  67 005e 0FBE      		out __SREG__,r0
  68 0060 0F90      		pop r0
  69 0062 1F90      		pop __zero_reg__
  70 0064 1895      		reti
  71               	.LFE8:
  73               	.global	TIMER_init
  75               	TIMER_init:
  76               	.LFB9:
  77               	.LM8:
  78               	/* prologue: function */
  79               	/* frame size = 0 */
  80               	.LM9:
  81 0066 89EF      		ldi r24,lo8(-7)
  82 0068 81BF      		out 81-32,r24
  83               	.LM10:
  84 006a 87B7      		in r24,87-32
  85 006c 8260      		ori r24,lo8(2)
  86 006e 87BF      		out 87-32,r24
  87               	.LM11:
  88 0070 8CE0      		ldi r24,lo8(12)
  89 0072 83BF      		out 83-32,r24
  90               	/* epilogue start */
  91               	.LM12:
  92 0074 0895      		ret
  93               	.LFE9:
  95               	.global	TIMER_wait_ms
  97               	TIMER_wait_ms:
  98               	.LFB10:
  99               	.LM13:
 100               	.LVL0:
 101               	/* prologue: function */
 102               	/* frame size = 0 */
 103               	.LM14:
 104 0076 9093 0000 		sts (TIMER_wait_time_ms)+1,r25
 105 007a 8093 0000 		sts TIMER_wait_time_ms,r24
 106               	.L8:
 107               	.LM15:
 108 007e 8091 0000 		lds r24,TIMER_wait_time_ms
 109 0082 9091 0000 		lds r25,(TIMER_wait_time_ms)+1
 110               	.LVL1:
 111 0086 892B      		or r24,r25
 112 0088 01F4      		brne .L8
 113               	/* epilogue start */
 114               	.LM16:
 115 008a 0895      		ret
 116               	.LFE10:
 118               	.global	TIMER_wait_time_ms
 119               	.global	TIMER_wait_time_ms
 120               		.section .bss
 123               	TIMER_wait_time_ms:
 124 0000 0000      		.skip 2,0
 125               		.lcomm count.1698,2
 126               		.comm uart_echo,1,1
 127               		.comm UART0_TxHead,1,1
 128               		.comm UART0_TxTail,1,1
 129               		.comm UART0_RxHead,1,1
 130               		.comm UART0_RxTail,1,1
 131               		.comm UART1_TxHead,1,1
 132               		.comm UART1_TxTail,1,1
 133               		.comm UART1_RxHead,1,1
 134               		.comm UART1_RxTail,1,1
 175               	.Letext0:
DEFINED SYMBOLS
                            *ABS*:00000000 timer.c
C:\Users\magku\AppData\Local\Temp/ccRE134Q.s:2      *ABS*:0000003f __SREG__
C:\Users\magku\AppData\Local\Temp/ccRE134Q.s:3      *ABS*:0000003e __SP_H__
C:\Users\magku\AppData\Local\Temp/ccRE134Q.s:4      *ABS*:0000003d __SP_L__
C:\Users\magku\AppData\Local\Temp/ccRE134Q.s:5      *ABS*:00000034 __CCP__
C:\Users\magku\AppData\Local\Temp/ccRE134Q.s:6      *ABS*:00000000 __tmp_reg__
C:\Users\magku\AppData\Local\Temp/ccRE134Q.s:7      *ABS*:00000001 __zero_reg__
C:\Users\magku\AppData\Local\Temp/ccRE134Q.s:18     .text:00000000 __vector_15
C:\Users\magku\AppData\Local\Temp/ccRE134Q.s:123    .bss:00000000 TIMER_wait_time_ms
                             .bss:00000002 count.1698
C:\Users\magku\AppData\Local\Temp/ccRE134Q.s:75     .text:00000066 TIMER_init
C:\Users\magku\AppData\Local\Temp/ccRE134Q.s:97     .text:00000076 TIMER_wait_ms
                            *COM*:00000001 uart_echo
                            *COM*:00000001 UART0_TxHead
                            *COM*:00000001 UART0_TxTail
                            *COM*:00000001 UART0_RxHead
                            *COM*:00000001 UART0_RxTail
                            *COM*:00000001 UART1_TxHead
                            *COM*:00000001 UART1_TxTail
                            *COM*:00000001 UART1_RxHead
                            *COM*:00000001 UART1_RxTail

UNDEFINED SYMBOLS
__do_clear_bss
